2021-02-15 01:01:56 info: ----------------------------------------------
2021-02-15 01:01:56 info: >>> Running Unit Test `ex1-giveCompliment` <<<
2021-02-15 01:01:56 info: ----------------------------------------------
2021-02-15 01:02:37 error: *** Unit Test Error Report ***



2021-02-15 01:02:51 error: *** ESLint Report ***

ex1-giveCompliment.js
  22:7   warning  'compliments' is never reassigned. Use 'const' instead  no-autofix/prefer-const
  35:46  error    'x' is not defined                                      no-undef

✖ 2 problems (1 error, 1 warning)


2021-02-15 01:03:01 error: *** Spell Checker Report ***

ex1-giveCompliment.js:37:29 - Unknown word (Mansour)
ex1-giveCompliment.js:38:29 - Unknown word (Mansour)
ex1-giveCompliment.js:39:29 - Unknown word (Mansour)
ex1-giveCompliment.js:42:17 - Unknown word (Mansour)

2021-02-15 01:07:06 info: Disclaimer turned off
2021-02-15 01:10:22 info: ----------------------------------------------
2021-02-15 01:10:22 info: >>> Running Unit Test `ex1-giveCompliment` <<<
2021-02-15 01:10:22 info: ----------------------------------------------
2021-02-15 01:10:43 info: All unit tests passed.
2021-02-15 01:10:47 error: *** ESLint Report ***

ex1-giveCompliment.js
  34:7  warning  'x' is never reassigned. Use 'const' instead  no-autofix/prefer-const

✖ 1 problem (0 errors, 1 warning)


2021-02-15 01:10:49 error: *** Spell Checker Report ***

ex1-giveCompliment.js:37:29 - Unknown word (Mansour)
ex1-giveCompliment.js:38:29 - Unknown word (Mansour)
ex1-giveCompliment.js:39:29 - Unknown word (Mansour)
ex1-giveCompliment.js:42:17 - Unknown word (Mansour)

2021-02-15 03:48:07 info: -------------------------------------------
2021-02-15 03:48:07 info: >>> Running Unit Test `ex3-tellFortune` <<<
2021-02-15 03:48:07 info: -------------------------------------------
2021-02-15 03:48:46 error: *** Unit Test Error Report ***

- tellFortune should call function `selectRandomly` for each of its arguments
- tellFortune should tell the fortune by randomly selecting array values
  Expected: You will be a web developer in Amsterdam, married to Noah with 1 kids.
  Received: You will be a web developer in Amsterdam, married to Noah with 1.

2021-02-15 03:48:55 error: *** ESLint Report ***

ex3-tellFortune.js
  67:57  error    'name' is defined but never used              no-unused-vars
  70:7   warning  'x' is never reassigned. Use 'const' instead  no-autofix/prefer-const

✖ 2 problems (1 error, 1 warning)


2021-02-15 03:49:02 error: *** Spell Checker Report ***

ex3-tellFortune.js:40:4 - Unknown word (Aadam)
ex3-tellFortune.js:41:4 - Unknown word (Alaa)
ex3-tellFortune.js:43:4 - Unknown word (Elly)
ex3-tellFortune.js:51:4 - Unknown word (Hoogeveen)
ex3-tellFortune.js:52:4 - Unknown word (Almere)
ex3-tellFortune.js:69:34 - Unknown word (Nour)
ex3-tellFortune.js:69:42 - Unknown word (Ibrahim)
ex3-tellFortune.js:69:53 - Unknown word (Moamen)
ex3-tellFortune.js:69:63 - Unknown word (Luuk)

2021-02-15 03:50:22 info: -------------------------------------------
2021-02-15 03:50:22 info: >>> Running Unit Test `ex3-tellFortune` <<<
2021-02-15 03:50:22 info: -------------------------------------------
2021-02-15 03:50:29 error: *** Unit Test Error Report ***

- tellFortune should exist and be executable

2021-02-15 03:50:30 error: *** ESLint Report ***

ex3-tellFortune.js
  69:9  error  Parsing error: Identifier 'characters' has already been declared

✖ 1 problem (1 error, 0 warnings)


2021-02-15 03:50:32 error: *** Spell Checker Report ***

ex3-tellFortune.js:40:4 - Unknown word (Aadam)
ex3-tellFortune.js:41:4 - Unknown word (Alaa)
ex3-tellFortune.js:43:4 - Unknown word (Elly)
ex3-tellFortune.js:51:4 - Unknown word (Hoogeveen)
ex3-tellFortune.js:52:4 - Unknown word (Almere)
ex3-tellFortune.js:69:34 - Unknown word (Nour)
ex3-tellFortune.js:69:42 - Unknown word (Ibrahim)
ex3-tellFortune.js:69:53 - Unknown word (Moamen)
ex3-tellFortune.js:69:63 - Unknown word (Luuk)

2021-02-15 04:01:50 info: -------------------------------------------
2021-02-15 04:01:50 info: >>> Running Unit Test `ex3-tellFortune` <<<
2021-02-15 04:01:50 info: -------------------------------------------
2021-02-15 04:01:57 error: *** Unit Test Error Report ***

- tellFortune should call function `selectRandomly` for each of its arguments
- tellFortune should tell the fortune by randomly selecting array values
  Expected: You will be a web developer in Amsterdam, married to Noah with 1 kids.
  Received: You will be a web developer in Amsterdam, married to Noah with 1.

2021-02-15 04:01:59 error: *** ESLint Report ***

ex3-tellFortune.js
  78:7  warning  'x' is never reassigned. Use 'const' instead  no-autofix/prefer-const

✖ 1 problem (0 errors, 1 warning)


2021-02-15 04:02:01 error: *** Spell Checker Report ***

ex3-tellFortune.js:40:4 - Unknown word (Aadam)
ex3-tellFortune.js:41:4 - Unknown word (Alaa)
ex3-tellFortune.js:43:4 - Unknown word (Elly)
ex3-tellFortune.js:51:4 - Unknown word (Hoogeveen)
ex3-tellFortune.js:52:4 - Unknown word (Almere)
ex3-tellFortune.js:69:34 - Unknown word (Nour)
ex3-tellFortune.js:69:42 - Unknown word (Ibrahim)
ex3-tellFortune.js:69:53 - Unknown word (Moamen)
ex3-tellFortune.js:69:63 - Unknown word (Luuk)

2021-02-15 04:08:51 info: -------------------------------------------
2021-02-15 04:08:51 info: >>> Running Unit Test `ex3-tellFortune` <<<
2021-02-15 04:08:51 info: -------------------------------------------
2021-02-15 04:08:57 error: *** Unit Test Error Report ***

- tellFortune should call function `selectRandomly` for each of its arguments
- tellFortune should tell the fortune by randomly selecting array values
  fortune-telling is not randomly composed

2021-02-15 04:08:59 error: *** ESLint Report ***

ex3-tellFortune.js
  78:7  warning  'x' is never reassigned. Use 'const' instead  no-autofix/prefer-const

✖ 1 problem (0 errors, 1 warning)


2021-02-15 04:09:01 error: *** Spell Checker Report ***

ex3-tellFortune.js:40:4 - Unknown word (Aadam)
ex3-tellFortune.js:41:4 - Unknown word (Alaa)
ex3-tellFortune.js:43:4 - Unknown word (Elly)
ex3-tellFortune.js:51:4 - Unknown word (Hoogeveen)
ex3-tellFortune.js:52:4 - Unknown word (Almere)
ex3-tellFortune.js:69:34 - Unknown word (Nour)
ex3-tellFortune.js:69:42 - Unknown word (Ibrahim)
ex3-tellFortune.js:69:53 - Unknown word (Moamen)
ex3-tellFortune.js:69:63 - Unknown word (Luuk)

2021-02-15 04:13:27 info: -------------------------------------------
2021-02-15 04:13:27 info: >>> Running Unit Test `ex3-tellFortune` <<<
2021-02-15 04:13:27 info: -------------------------------------------
2021-02-15 04:13:33 error: *** Unit Test Error Report ***

- tellFortune should call function `selectRandomly` for each of its arguments
- tellFortune should tell the fortune by randomly selecting array values
  fortune-telling is not randomly composed

2021-02-15 04:13:35 error: *** ESLint Report ***

ex3-tellFortune.js
  70:7  warning  'x' is never reassigned. Use 'const' instead  no-autofix/prefer-const

✖ 1 problem (0 errors, 1 warning)


2021-02-15 04:13:37 error: *** Spell Checker Report ***

ex3-tellFortune.js:40:4 - Unknown word (Aadam)
ex3-tellFortune.js:41:4 - Unknown word (Alaa)
ex3-tellFortune.js:43:4 - Unknown word (Elly)
ex3-tellFortune.js:51:4 - Unknown word (Hoogeveen)
ex3-tellFortune.js:52:4 - Unknown word (Almere)

2021-02-15 04:28:09 info: -------------------------------------------
2021-02-15 04:28:09 info: >>> Running Unit Test `ex3-tellFortune` <<<
2021-02-15 04:28:09 info: -------------------------------------------
2021-02-15 04:28:15 error: *** Unit Test Error Report ***

- tellFortune should call function `selectRandomly` for each of its arguments
- tellFortune should tell the fortune by randomly selecting array values
  fortune-telling is not randomly composed

2021-02-15 04:28:17 error: *** ESLint Report ***

ex3-tellFortune.js
  70:7  warning  'x' is never reassigned. Use 'const' instead  no-autofix/prefer-const
  78:7  warning  'y' is never reassigned. Use 'const' instead  no-autofix/prefer-const

✖ 2 problems (0 errors, 2 warnings)


2021-02-15 04:28:19 error: *** Spell Checker Report ***

ex3-tellFortune.js:40:4 - Unknown word (Aadam)
ex3-tellFortune.js:41:4 - Unknown word (Alaa)
ex3-tellFortune.js:43:4 - Unknown word (Elly)
ex3-tellFortune.js:51:4 - Unknown word (Hoogeveen)
ex3-tellFortune.js:52:4 - Unknown word (Almere)

2021-02-15 05:12:17 info: ----------------------------------------
2021-02-15 05:12:17 info: >>> Running Unit Test `ex2-dogYears` <<<
2021-02-15 05:12:17 info: ----------------------------------------
2021-02-15 05:12:17 info: Exercise has not yet been modified
2021-02-15 05:12:49 info: All unit tests passed.
2021-02-15 05:13:03 info: All steps were completed successfully
2021-02-15 05:49:50 info: --------------------------------------------
2021-02-15 05:49:50 info: >>> Running Unit Test `ex4-shoppingCart` <<<
2021-02-15 05:49:50 info: --------------------------------------------
2021-02-15 05:49:58 error: *** Unit Test Error Report ***

- addToShoppingCart should add chocolate
  Expected: You bought bananas, milk, chocolate!
  Received: undefined
- addToShoppingCart should remove bananas after adding waffles
  Expected: You bought milk, chocolate, waffles!
  Received: undefined
- addToShoppingCart should remove milk after adding tea
  Expected: You bought chocolate, waffles, tea!
  Received: undefined

2021-02-15 06:01:36 info: --------------------------------------------
2021-02-15 06:01:36 info: >>> Running Unit Test `ex4-shoppingCart` <<<
2021-02-15 06:01:36 info: --------------------------------------------
2021-02-15 06:02:05 error: *** Unit Test Error Report ***

- addToShoppingCart should add chocolate
  Expected: You bought bananas, milk, chocolate!
  Received: undefined
- addToShoppingCart should remove bananas after adding waffles
  Expected: You bought milk, chocolate, waffles!
  Received: undefined
- addToShoppingCart should remove milk after adding tea
  Expected: You bought chocolate, waffles, tea!
  Received: undefined

2021-02-15 06:02:13 error: *** ESLint Report ***

ex4-shoppingCart.js
  33:22  warning  No literal  no-restricted-syntax
  35:22  warning  No literal  no-restricted-syntax
  43:22  warning  No literal  no-restricted-syntax
  45:22  warning  No literal  no-restricted-syntax

✖ 4 problems (0 errors, 4 warnings)


2021-02-16 12:25:19 info: --------------------------------------------
2021-02-16 12:25:19 info: >>> Running Unit Test `ex4-shoppingCart` <<<
2021-02-16 12:25:19 info: --------------------------------------------
2021-02-16 12:25:43 error: *** Unit Test Error Report ***



2021-02-16 12:27:04 info: --------------------------------------------
2021-02-16 12:27:04 info: >>> Running Unit Test `ex4-shoppingCart` <<<
2021-02-16 12:27:04 info: --------------------------------------------
2021-02-16 12:27:18 error: *** Unit Test Error Report ***

- addToShoppingCart should add chocolate
  Expected: You bought bananas, milk, chocolate!
  Received: undefined
- addToShoppingCart should remove bananas after adding waffles
  Expected: You bought milk, chocolate, waffles!
  Received: undefined
- addToShoppingCart should remove milk after adding tea
  Expected: You bought chocolate, waffles, tea!
  Received: undefined

2021-02-16 12:45:04 info: -------------------------------------------------
2021-02-16 12:45:04 info: >>> Running Unit Test `ex5-shoppingCartRedux` <<<
2021-02-16 12:45:04 info: -------------------------------------------------
2021-02-16 12:45:27 info: All unit tests passed.
2021-02-16 12:45:34 error: *** ESLint Report ***

ex5-shoppingCartRedux.js
  20:7  warning  'cartAfterThird' is never reassigned. Use 'const' instead  no-autofix/prefer-const

✖ 1 problem (0 errors, 1 warning)


2021-02-16 12:46:40 info: -------------------------------------------------
2021-02-16 12:46:40 info: >>> Running Unit Test `ex5-shoppingCartRedux` <<<
2021-02-16 12:46:40 info: -------------------------------------------------
2021-02-16 12:46:46 info: All unit tests passed.
2021-02-16 12:46:49 info: All steps were completed successfully
2021-02-16 01:40:53 info: -----------------------------------------
2021-02-16 01:40:53 info: >>> Running Unit Test `ex6-totalCost` <<<
2021-02-16 01:40:53 info: -----------------------------------------
2021-02-16 01:41:36 error: *** Unit Test Error Report ***

- calculateTotalPrice should return the total price in Euros

2021-02-16 01:44:32 info: -----------------------------------------
2021-02-16 01:44:32 info: >>> Running Unit Test `ex6-totalCost` <<<
2021-02-16 01:44:32 info: -----------------------------------------
2021-02-16 01:44:39 error: *** Unit Test Error Report ***

- calculateTotalPrice should be a function taking one parameter
- calculateTotalPrice should return the total price in Euros

2021-02-16 01:45:23 info: -----------------------------------------
2021-02-16 01:45:23 info: >>> Running Unit Test `ex6-totalCost` <<<
2021-02-16 01:45:23 info: -----------------------------------------
2021-02-16 01:45:30 error: *** Unit Test Error Report ***

- calculateTotalPrice should be a function taking one parameter
- calculateTotalPrice should return the total price in Euros

2021-02-16 01:51:23 info: -----------------------------------------
2021-02-16 01:51:23 info: >>> Running Unit Test `ex6-totalCost` <<<
2021-02-16 01:51:23 info: -----------------------------------------
2021-02-16 01:51:30 error: *** Unit Test Error Report ***

- calculateTotalPrice should return the total price in Euros

2021-02-16 01:51:33 error: *** ESLint Report ***

ex6-totalCost.js
  31:32  error  'beers' is defined but never used      no-unused-vars
  31:39  error  'chips' is defined but never used      no-unused-vars
  31:46  error  'chocolate' is defined but never used  no-unused-vars
  31:57  error  'waffles' is defined but never used    no-unused-vars
  31:66  error  'tea' is defined but never used        no-unused-vars

✖ 5 problems (5 errors, 0 warnings)


2021-02-16 01:55:18 info: -----------------------------------------
2021-02-16 01:55:18 info: >>> Running Unit Test `ex6-totalCost` <<<
2021-02-16 01:55:18 info: -----------------------------------------
2021-02-16 01:55:41 error: *** Unit Test Error Report ***

- calculateTotalPrice should return the total price in Euros

2021-02-16 01:55:44 error: *** ESLint Report ***

ex6-totalCost.js
  31:32  error  'beers' is defined but never used      no-unused-vars
  31:39  error  'chips' is defined but never used      no-unused-vars
  31:46  error  'chocolate' is defined but never used  no-unused-vars
  31:57  error  'waffles' is defined but never used    no-unused-vars
  31:66  error  'tea' is defined but never used        no-unused-vars

✖ 5 problems (5 errors, 0 warnings)


2021-02-16 01:59:30 info: -----------------------------------------
2021-02-16 01:59:30 info: >>> Running Unit Test `ex6-totalCost` <<<
2021-02-16 01:59:30 info: -----------------------------------------
2021-02-16 01:59:36 error: *** Unit Test Error Report ***

- calculateTotalPrice should return the total price in Euros

2021-02-16 02:09:15 info: -----------------------------------------
2021-02-16 02:09:15 info: >>> Running Unit Test `ex6-totalCost` <<<
2021-02-16 02:09:15 info: -----------------------------------------
2021-02-16 02:09:21 error: *** Unit Test Error Report ***

- calculateTotalPrice should return the total price in Euros

2021-02-16 02:11:03 info: -----------------------------------------
2021-02-16 02:11:03 info: >>> Running Unit Test `ex6-totalCost` <<<
2021-02-16 02:11:03 info: -----------------------------------------
2021-02-16 02:11:10 error: *** Unit Test Error Report ***

- calculateTotalPrice should return the total price in Euros

2021-02-16 02:19:41 info: -----------------------------------------
2021-02-16 02:19:41 info: >>> Running Unit Test `ex6-totalCost` <<<
2021-02-16 02:19:41 info: -----------------------------------------
2021-02-16 02:19:54 error: *** Unit Test Error Report ***

- calculateTotalPrice should return the total price in Euros

