2021-02-10 03:09:03 info: -------------------------------------------
2021-02-10 03:09:03 info: >>> Running Unit Test `ex3-tellFortune` <<<
2021-02-10 03:09:03 info: -------------------------------------------
2021-02-10 03:09:12 error: *** Unit Test Error Report ***

- tellFortune should tell the fortune by randomly selecting array values
  Expected: You will be a Engineer in Amsterdam, married to Abdulkareem with 15 kids.
  Received: You will be a Engineer in Amsterdam married to Abdulkareem with 15

2021-02-10 03:10:03 info: -------------------------------------------
2021-02-10 03:10:03 info: >>> Running Unit Test `ex3-tellFortune` <<<
2021-02-10 03:10:03 info: -------------------------------------------
2021-02-10 03:10:10 info: All unit tests passed.
2021-02-10 03:10:14 info: All steps were completed successfully
2021-02-11 12:17:27 info: --------------------------------------------
2021-02-11 12:17:27 info: >>> Running Unit Test `ex4-shoppingCart` <<<
2021-02-11 12:17:27 info: --------------------------------------------
2021-02-11 12:17:37 error: *** Unit Test Error Report ***



2021-02-11 12:34:04 info: --------------------------------------------
2021-02-11 12:34:04 info: >>> Running Unit Test `ex4-shoppingCart` <<<
2021-02-11 12:34:04 info: --------------------------------------------
2021-02-11 12:34:10 info: All unit tests passed.
2021-02-11 12:34:14 info: All steps were completed successfully
2021-02-12 12:58:40 info: -----------------------------------------
2021-02-12 12:58:40 info: >>> Running Unit Test `ex6-totalCost` <<<
2021-02-12 12:58:40 info: -----------------------------------------
2021-02-12 12:58:49 error: *** Unit Test Error Report ***

- calculateTotalPrice should return the total price in Euros
  Expected: Total: €175.00
  Received: Total: €175

2021-02-12 01:02:43 info: -----------------------------------------
2021-02-12 01:02:43 info: >>> Running Unit Test `ex6-totalCost` <<<
2021-02-12 01:02:43 info: -----------------------------------------
2021-02-12 01:02:50 info: All unit tests passed.
2021-02-12 01:02:54 info: All steps were completed successfully
2021-02-12 01:35:52 info: -------------------------------------------
2021-02-12 01:35:52 info: >>> Running Unit Test `ex7-mindPrivacy` <<<
2021-02-12 01:35:52 info: -------------------------------------------
2021-02-12 01:36:00 error: *** Unit Test Error Report ***

- filterPrivateData should return a new array with the private parts filtered

2021-02-12 01:38:58 info: -------------------------------------------
2021-02-12 01:38:58 info: >>> Running Unit Test `ex7-mindPrivacy` <<<
2021-02-12 01:38:58 info: -------------------------------------------
2021-02-12 01:39:05 error: *** Unit Test Error Report ***

- filterPrivateData should return a new array with the private parts filtered

2021-02-12 01:41:25 info: -------------------------------------------
2021-02-12 01:41:25 info: >>> Running Unit Test `ex7-mindPrivacy` <<<
2021-02-12 01:41:25 info: -------------------------------------------
2021-02-12 01:41:33 error: *** Unit Test Error Report ***

- filterPrivateData should return a new array with the private parts filtered

2021-02-12 01:46:13 info: -------------------------------------------
2021-02-12 01:46:13 info: >>> Running Unit Test `ex7-mindPrivacy` <<<
2021-02-12 01:46:13 info: -------------------------------------------
2021-02-12 01:46:20 error: *** Unit Test Error Report ***

- filterPrivateData should return a new array with the private parts filtered

2021-02-12 02:00:19 info: -------------------------------------------------
2021-02-12 02:00:19 info: >>> Running Unit Test `ex5-shoppingCartRedux` <<<
2021-02-12 02:00:19 info: -------------------------------------------------
2021-02-12 02:00:28 info: All unit tests passed.
2021-02-12 02:00:33 info: All steps were completed successfully
