2021-01-24 10:33:43 info: -----------------------------------------------
2021-01-24 10:33:43 info: >>> Running Unit Test `ex2-programmerHumor` <<<
2021-01-24 10:33:43 info: -----------------------------------------------
2021-01-24 10:36:12 info: -----------------------------------------------
2021-01-24 10:36:12 info: >>> Running Unit Test `ex2-programmerHumor` <<<
2021-01-24 10:36:12 info: -----------------------------------------------
2021-01-24 10:37:41 info: -----------------------------------------------
2021-01-24 10:37:41 info: >>> Running Unit Test `ex2-programmerHumor` <<<
2021-01-24 10:37:41 info: -----------------------------------------------
2021-01-24 10:41:20 info: -----------------------------------------------
2021-01-24 10:41:20 info: >>> Running Unit Test `ex2-programmerHumor` <<<
2021-01-24 10:41:20 info: -----------------------------------------------
2021-01-24 10:42:58 error: Something went wrong: fs.promises.writeFileSync is not a function
2021-01-24 10:43:47 info: ----------------------------------------
2021-01-24 10:43:47 info: >>> Running Unit Test `ex1-bookList` <<<
2021-01-24 10:43:47 info: ----------------------------------------
2021-01-24 10:44:13 info: ----------------------------------------
2021-01-24 10:44:13 info: >>> Running Unit Test `ex1-bookList` <<<
2021-01-24 10:44:13 info: ----------------------------------------
2021-01-24 10:48:16 info: ----------------------------------------
2021-01-24 10:48:16 info: >>> Running Unit Test `ex1-bookList` <<<
2021-01-24 10:48:16 info: ----------------------------------------
2021-01-24 10:51:36 info: ----------------------------------------
2021-01-24 10:51:36 info: >>> Running Unit Test `ex1-bookList` <<<
2021-01-24 10:51:36 info: ----------------------------------------
2021-01-24 10:53:21 info: ----------------------------------------
2021-01-24 10:53:21 info: >>> Running Unit Test `ex1-bookList` <<<
2021-01-24 10:53:21 info: ----------------------------------------
2021-01-24 10:54:22 info: ----------------------------------------
2021-01-24 10:54:22 info: >>> Running Unit Test `ex1-bookList` <<<
2021-01-24 10:54:22 info: ----------------------------------------
2021-01-24 10:56:09 info: ---------------------------------------
2021-01-24 10:56:09 info: >>> Running Unit Test `ex2-aboutMe` <<<
2021-01-24 10:56:09 info: ---------------------------------------
2021-01-24 10:56:34 info: --------------------------------------------
2021-01-24 10:56:34 info: >>> Running Unit Test `ex4-whatsTheTime` <<<
2021-01-24 10:56:34 info: --------------------------------------------
2021-01-24 10:58:11 info: --------------------------------------------
2021-01-24 10:58:11 info: >>> Running Unit Test `ex4-whatsTheTime` <<<
2021-01-24 10:58:11 info: --------------------------------------------
